[0622/155830.199:ERROR:process_info.cc(329)] VirtualQueryEx: Access is denied. (0x5)
[0622/155830.218:ERROR:process_info.cc(556)] ReadMemoryInfo failed
[0622/155830.218:ERROR:scoped_process_suspend.cc(40)] NtResumeProcess: An attempt was made to access an exiting process. (0xc000010a)
[0622/155833.416:ERROR:process_memory_win.cc(73)] ReadMemory at 0x7ff743ee0000 of 64 bytes failed: Only part of a ReadProcessMemory or WriteProcessMemory request was completed. (0x12B)
[0622/155833.416:WARNING:pe_image_reader.cc(340)] could not read dos header from C:\Program Files (x86)\Google\Chrome\Application\chrome.exe
[0622/155833.416:ERROR:process_memory_win.cc(73)] ReadMemory at 0x7ffcc2430000 of 64 bytes failed: Only part of a ReadProcessMemory or WriteProcessMemory request was completed. (0x12B)
[0622/155833.417:WARNING:pe_image_reader.cc(340)] could not read dos header from C:\Windows\SYSTEM32\ntdll.dll
[0622/155833.417:ERROR:process_memory_win.cc(73)] ReadMemory at 0x7ffcc2000000 of 64 bytes failed: Only part of a ReadProcessMemory or WriteProcessMemory request was completed. (0x12B)
[0622/155833.417:WARNING:pe_image_reader.cc(340)] could not read dos header from C:\Windows\system32\KERNEL32.DLL
[0622/155833.417:ERROR:process_memory_win.cc(73)] ReadMemory at 0x7ffcbf9a0000 of 64 bytes failed: Only part of a ReadProcessMemory or WriteProcessMemory request was completed. (0x12B)
[0622/155833.417:WARNING:pe_image_reader.cc(340)] could not read dos header from C:\Windows\system32\KERNELBASE.dll
[0622/155833.417:ERROR:process_memory_win.cc(73)] ReadMemory at 0x7ffca4ab0000 of 64 bytes failed: Only part of a ReadProcessMemory or WriteProcessMemory request was completed. (0x12B)
[0622/155833.417:WARNING:pe_image_reader.cc(340)] could not read dos header from C:\Program Files (x86)\Google\Chrome\Application\83.0.4103.106\chrome_elf.dll
[0622/155833.417:ERROR:process_memory_win.cc(73)] ReadMemory at 0x7ffcba8d0000 of 64 bytes failed: Only part of a ReadProcessMemory or WriteProcessMemory request was completed. (0x12B)
[0622/155833.417:WARNING:pe_image_reader.cc(340)] could not read dos header from C:\Windows\SYSTEM32\VERSION.dll
[0622/155833.417:ERROR:process_memory_win.cc(73)] ReadMemory at 0x7ffcc2380000 of 64 bytes failed: Only part of a ReadProcessMemory or WriteProcessMemory request was completed. (0x12B)
[0622/155833.417:WARNING:pe_image_reader.cc(340)] could not read dos header from C:\Windows\system32\msvcrt.dll
[0622/155833.417:ERROR:process_memory_win.cc(73)] ReadMemory at 0x7ffcc1bf0000 of 64 bytes failed: Only part of a ReadProcessMemory or WriteProcessMemory request was completed. (0x12B)
[0622/155833.417:WARNING:pe_image_reader.cc(340)] could not read dos header from C:\Windows\system32\ADVAPI32.dll
[0622/155833.417:ERROR:process_memory_win.cc(73)] ReadMemory at 0x7ffcc19b0000 of 64 bytes failed: Only part of a ReadProcessMemory or WriteProcessMemory request was completed. (0x12B)
[0622/155833.417:WARNING:pe_image_reader.cc(340)] could not read dos header from C:\Windows\SYSTEM32\sechost.dll
[0622/155833.417:ERROR:process_memory_win.cc(73)] ReadMemory at 0x7ffcbfc80000 of 64 bytes failed: Only part of a ReadProcessMemory or WriteProcessMemory request was completed. (0x12B)
[0622/155833.417:WARNING:pe_image_reader.cc(340)] could not read dos header from C:\Windows\system32\RPCRT4.dll
[0622/155833.417:ERROR:process_memory_win.cc(73)] ReadMemory at 0x7ffcbf6e0000 of 64 bytes failed: Only part of a ReadProcessMemory or WriteProcessMemory request was completed. (0x12B)
[0622/155833.417:WARNING:pe_image_reader.cc(340)] could not read dos header from C:\Windows\system32\SspiCli.dll
[0622/155833.417:ERROR:process_memory_win.cc(73)] ReadMemory at 0x7ffc8beb0000 of 64 bytes failed: Only part of a ReadProcessMemory or WriteProcessMemory request was completed. (0x12B)
[0622/155833.417:WARNING:pe_image_reader.cc(340)] could not read dos header from C:\Program Files (x86)\Google\Chrome\Application\83.0.4103.106\chrome.dll
[0622/155833.417:ERROR:process_memory_win.cc(73)] ReadMemory at 0x7ffcc1910000 of 64 bytes failed: Only part of a ReadProcessMemory or WriteProcessMemory request was completed. (0x12B)
[0622/155833.417:WARNING:pe_image_reader.cc(340)] could not read dos header from C:\Windows\system32\WS2_32.dll
[0622/155833.417:ERROR:process_memory_win.cc(73)] ReadMemory at 0x7ffcbb6c0000 of 64 bytes failed: Only part of a ReadProcessMemory or WriteProcessMemory request was completed. (0x12B)
[0622/155833.417:WARNING:pe_image_reader.cc(340)] could not read dos header from C:\Windows\SYSTEM32\IPHLPAPI.DLL
[0622/155833.417:ERROR:process_memory_win.cc(73)] ReadMemory at 0x7ffcc2150000 of 64 bytes failed: Only part of a ReadProcessMemory or WriteProcessMemory request was completed. (0x12B)
[0622/155833.417:WARNING:pe_image_reader.cc(340)] could not read dos header from C:\Windows\system32\OLEAUT32.dll
[0622/155833.417:ERROR:process_memory_win.cc(73)] ReadMemory at 0x7ffcb8c00000 of 64 bytes failed: Only part of a ReadProcessMemory or WriteProcessMemory request was completed. (0x12B)
[0622/155833.417:WARNING:pe_image_reader.cc(340)] could not read dos header from C:\Windows\SYSTEM32\WINMM.dll
[0622/155833.417:ERROR:process_memory_win.cc(73)] ReadMemory at 0x7ffcbbc30000 of 64 bytes failed: Only part of a ReadProcessMemory or WriteProcessMemory request was completed. (0x12B)
[0622/155833.417:WARNING:pe_image_reader.cc(340)] could not read dos header from C:\Windows\SYSTEM32\Secur32.dll
[0622/155833.417:ERROR:process_memory_win.cc(73)] ReadMemory at 0x7ffcbeb00000 of 64 bytes failed: Only part of a ReadProcessMemory or WriteProcessMemory request was completed. (0x12B)
[0622/155833.417:WARNING:pe_image_reader.cc(340)] could not read dos header from C:\Windows\SYSTEM32\USERENV.dll
[0622/155833.417:ERROR:process_memory_win.cc(73)] ReadMemory at 0x7ffcbf760000 of 64 bytes failed: Only part of a ReadProcessMemory or WriteProcessMemory request was completed. (0x12B)
[0622/155833.417:WARNING:pe_image_reader.cc(340)] could not read dos header from C:\Windows\system32\WINTRUST.dll
[0622/155833.417:ERROR:process_memory_win.cc(73)] ReadMemory at 0x7ffcb9a90000 of 64 bytes failed: Only part of a ReadProcessMemory or WriteProcessMemory request was completed. (0x12B)
[0622/155833.417:WARNING:pe_image_reader.cc(340)] could not read dos header from C:\Windows\SYSTEM32\UIAutomationCore.DLL
[0622/155833.417:ERROR:process_memory_win.cc(73)] ReadMemory at 0x7ffcbf7c0000 of 64 bytes failed: Only part of a ReadProcessMemory or WriteProcessMemory request was completed. (0x12B)
[0622/155833.417:WARNING:pe_image_reader.cc(340)] could not read dos header from C:\Windows\system32\CRYPT32.dll
[0622/155833.417:ERROR:process_memory_win.cc(73)] ReadMemory at 0x7ffcbc2c0000 of 64 bytes failed: Only part of a ReadProcessMemory or WriteProcessMemory request was completed. (0x12B)
[0622/155833.417:WARNING:pe_image_reader.cc(340)] could not read dos header from C:\Windows\SYSTEM32\DWrite.dll
[0622/155833.417:ERROR:process_memory_win.cc(73)] ReadMemory at 0x7ffcb27a0000 of 64 bytes failed: Only part of a ReadProcessMemory or WriteProcessMemory request was completed. (0x12B)
[0622/155833.417:WARNING:pe_image_reader.cc(340)] could not read dos header from C:\Windows\SYSTEM32\WINSPOOL.DRV
[0622/155833.417:ERROR:process_memory_win.cc(73)] ReadMemory at 0x7ffcb83e0000 of 64 bytes failed: Only part of a ReadProcessMemory or WriteProcessMemory request was completed. (0x12B)
[0622/155833.418:WARNING:pe_image_reader.cc(340)] could not read dos header from C:\Windows\SYSTEM32\dbghelp.dll
[0622/155833.418:ERROR:process_memory_win.cc(73)] ReadMemory at 0x7ffcb7170000 of 64 bytes failed: Only part of a ReadProcessMemory or WriteProcessMemory request was completed. (0x12B)
[0622/155833.418:WARNING:pe_image_reader.cc(340)] could not read dos header from C:\Windows\SYSTEM32\WINHTTP.dll
[0622/155833.418:ERROR:process_memory_win.cc(73)] ReadMemory at 0x7ffcb8c30000 of 64 bytes failed: Only part of a ReadProcessMemory or WriteProcessMemory request was completed. (0x12B)
[0622/155833.418:WARNING:pe_image_reader.cc(340)] could not read dos header from C:\Windows\SYSTEM32\dhcpcsvc.DLL
[0622/155833.418:ERROR:process_memory_win.cc(73)] ReadMemory at 0x7ffcc2220000 of 64 bytes failed: Only part of a ReadProcessMemory or WriteProcessMemory request was completed. (0x12B)
[0622/155833.418:WARNING:pe_image_reader.cc(340)] could not read dos header from C:\Windows\system32\NSI.dll
[0622/155833.418:ERROR:process_memory_win.cc(73)] ReadMemory at 0x7ffcbb5c0000 of 64 bytes failed: Only part of a ReadProcessMemory or WriteProcessMemory request was completed. (0x12B)
[0622/155833.418:WARNING:pe_image_reader.cc(340)] could not read dos header from C:\Windows\SYSTEM32\WINNSI.DLL
[0622/155833.418:ERROR:process_memory_win.cc(73)] ReadMemory at 0x7ffcc1570000 of 64 bytes failed: Only part of a ReadProcessMemory or WriteProcessMemory request was completed. (0x12B)
[0622/155833.418:WARNING:pe_image_reader.cc(340)] could not read dos header from C:\Windows\system32\combase.dll
[0622/155833.418:ERROR:process_memory_win.cc(73)] ReadMemory at 0x7ffcb8b00000 of 64 bytes failed: Only part of a ReadProcessMemory or WriteProcessMemory request was completed. (0x12B)
[0622/155833.418:WARNING:pe_image_reader.cc(340)] could not read dos header from C:\Windows\SYSTEM32\WINMMBASE.dll
[0622/155833.418:ERROR:process_memory_win.cc(73)] ReadMemory at 0x7ffcc13e0000 of 64 bytes failed: Only part of a ReadProcessMemory or WriteProcessMemory request was completed. (0x12B)
[0622/155833.418:WARNING:pe_image_reader.cc(340)] could not read dos header from C:\Windows\system32\USER32.dll
[0622/155833.418:ERROR:process_memory_win.cc(73)] ReadMemory at 0x7ffcbf560000 of 64 bytes failed: Only part of a ReadProcessMemory or WriteProcessMemory request was completed. (0x12B)
[0622/155833.418:WARNING:pe_image_reader.cc(340)] could not read dos header from C:\Windows\SYSTEM32\profapi.dll
[0622/155833.418:ERROR:process_memory_win.cc(73)] ReadMemory at 0x7ffcbf610000 of 64 bytes failed: Only part of a ReadProcessMemory or WriteProcessMemory request was completed. (0x12B)
[0622/155833.418:WARNING:pe_image_reader.cc(340)] could not read dos header from C:\Windows\system32\MSASN1.dll
[0622/155833.418:ERROR:process_memory_win.cc(73)] ReadMemory at 0x7ffcbf710000 of 64 bytes failed: Only part of a ReadProcessMemory or WriteProcessMemory request was completed. (0x12B)
[0622/155833.418:WARNING:pe_image_reader.cc(340)] could not read dos header from C:\Windows\SYSTEM32\cfgmgr32.dll
[0622/155833.418:ERROR:process_memory_win.cc(73)] ReadMemory at 0x7ffcbe3a0000 of 64 bytes failed: Only part of a ReadProcessMemory or WriteProcessMemory request was completed. (0x12B)
[0622/155833.418:WARNING:pe_image_reader.cc(340)] could not read dos header from C:\Windows\SYSTEM32\DEVOBJ.dll
[0622/155833.418:ERROR:process_memory_win.cc(73)] ReadMemory at 0x7ffcc2230000 of 64 bytes failed: Only part of a ReadProcessMemory or WriteProcessMemory request was completed. (0x12B)
[0622/155833.418:WARNING:pe_image_reader.cc(340)] could not read dos header from C:\Windows\system32\GDI32.dll
[0622/155833.418:ERROR:process_memory_win.cc(73)] ReadMemory at 0x7ffcc1970000 of 64 bytes failed: Only part of a ReadProcessMemory or WriteProcessMemory request was completed. (0x12B)
[0622/155833.418:WARNING:pe_image_reader.cc(340)] could not read dos header from C:\Windows\system32\IMM32.DLL
[0622/155833.418:ERROR:process_memory_win.cc(73)] ReadMemory at 0x7ffcc1ca0000 of 64 bytes failed: Only part of a ReadProcessMemory or WriteProcessMemory request was completed. (0x12B)
[0622/155833.418:WARNING:pe_image_reader.cc(340)] could not read dos header from C:\Windows\system32\MSCTF.dll
[0622/155833.418:ERROR:process_memory_win.cc(73)] ReadMemory at 0x7ffcbfe80000 of 64 bytes failed: Only part of a ReadProcessMemory or WriteProcessMemory request was completed. (0x12B)
[0622/155833.418:WARNING:pe_image_reader.cc(340)] could not read dos header from C:\Windows\system32\SHELL32.dll
[0622/155833.418:ERROR:process_memory_win.cc(73)] ReadMemory at 0x7ffcc17f0000 of 64 bytes failed: Only part of a ReadProcessMemory or WriteProcessMemory request was completed. (0x12B)
[0622/155833.418:WARNING:pe_image_reader.cc(340)] could not read dos header from C:\Windows\system32\SHLWAPI.dll
[0622/155833.418:ERROR:process_memory_win.cc(73)] ReadMemory at 0x7ffcbdd90000 of 64 bytes failed: Only part of a ReadProcessMemory or WriteProcessMemory request was completed. (0x12B)
[0622/155833.418:WARNING:pe_image_reader.cc(340)] could not read dos header from C:\Windows\SYSTEM32\SHCORE.dll
[0622/155833.418:ERROR:process_memory_win.cc(73)] ReadMemory at 0x7ffcbf3d0000 of 64 bytes failed: Only part of a ReadProcessMemory or WriteProcessMemory request was completed. (0x12B)
[0622/155833.418:WARNING:pe_image_reader.cc(340)] could not read dos header from C:\Windows\SYSTEM32\CRYPTBASE.DLL
[0622/155833.418:ERROR:process_memory_win.cc(73)] ReadMemory at 0x7ffcbf360000 of 64 bytes failed: Only part of a ReadProcessMemory or WriteProcessMemory request was completed. (0x12B)
[0622/155833.418:WARNING:pe_image_reader.cc(340)] could not read dos header from C:\Windows\SYSTEM32\bcryptPrimitives.dll
[0622/155833.423:ERROR:process_memory_win.cc(73)] ReadMemory at 0x7ff743ee0000 of 64 bytes failed: Only part of a ReadProcessMemory or WriteProcessMemory request was completed. (0x12B)
[0622/155833.423:WARNING:pe_image_reader.cc(340)] could not read dos header from C:\Program Files (x86)\Google\Chrome\Application\chrome.exe
[0622/155833.423:ERROR:process_memory_win.cc(73)] ReadMemory at 0x7ffcc2430000 of 64 bytes failed: Only part of a ReadProcessMemory or WriteProcessMemory request was completed. (0x12B)
[0622/155833.423:WARNING:pe_image_reader.cc(340)] could not read dos header from C:\Windows\SYSTEM32\ntdll.dll
[0622/155833.423:ERROR:process_memory_win.cc(73)] ReadMemory at 0x7ffcc2000000 of 64 bytes failed: Only part of a ReadProcessMemory or WriteProcessMemory request was completed. (0x12B)
[0622/155833.423:WARNING:pe_image_reader.cc(340)] could not read dos header from C:\Windows\system32\KERNEL32.DLL
[0622/155833.423:ERROR:process_memory_win.cc(73)] ReadMemory at 0x7ffcbf9a0000 of 64 bytes failed: Only part of a ReadProcessMemory or WriteProcessMemory request was completed. (0x12B)
[0622/155833.423:WARNING:pe_image_reader.cc(340)] could not read dos header from C:\Windows\system32\KERNELBASE.dll
[0622/155833.423:ERROR:process_memory_win.cc(73)] ReadMemory at 0x7ffca4ab0000 of 64 bytes failed: Only part of a ReadProcessMemory or WriteProcessMemory request was completed. (0x12B)
[0622/155833.423:WARNING:pe_image_reader.cc(340)] could not read dos header from C:\Program Files (x86)\Google\Chrome\Application\83.0.4103.106\chrome_elf.dll
[0622/155833.423:ERROR:process_memory_win.cc(73)] ReadMemory at 0x7ffcba8d0000 of 64 bytes failed: Only part of a ReadProcessMemory or WriteProcessMemory request was completed. (0x12B)
[0622/155833.423:WARNING:pe_image_reader.cc(340)] could not read dos header from C:\Windows\SYSTEM32\VERSION.dll
[0622/155833.423:ERROR:process_memory_win.cc(73)] ReadMemory at 0x7ffcc2380000 of 64 bytes failed: Only part of a ReadProcessMemory or WriteProcessMemory request was completed. (0x12B)
[0622/155833.423:WARNING:pe_image_reader.cc(340)] could not read dos header from C:\Windows\system32\msvcrt.dll
[0622/155833.423:ERROR:process_memory_win.cc(73)] ReadMemory at 0x7ffcc1bf0000 of 64 bytes failed: Only part of a ReadProcessMemory or WriteProcessMemory request was completed. (0x12B)
[0622/155833.423:WARNING:pe_image_reader.cc(340)] could not read dos header from C:\Windows\system32\ADVAPI32.dll
[0622/155833.423:ERROR:process_memory_win.cc(73)] ReadMemory at 0x7ffcc19b0000 of 64 bytes failed: Only part of a ReadProcessMemory or WriteProcessMemory request was completed. (0x12B)
[0622/155833.423:WARNING:pe_image_reader.cc(340)] could not read dos header from C:\Windows\SYSTEM32\sechost.dll
[0622/155833.423:ERROR:process_memory_win.cc(73)] ReadMemory at 0x7ffcbfc80000 of 64 bytes failed: Only part of a ReadProcessMemory or WriteProcessMemory request was completed. (0x12B)
[0622/155833.423:WARNING:pe_image_reader.cc(340)] could not read dos header from C:\Windows\system32\RPCRT4.dll
[0622/155833.423:ERROR:process_memory_win.cc(73)] ReadMemory at 0x7ffcbf6e0000 of 64 bytes failed: Only part of a ReadProcessMemory or WriteProcessMemory request was completed. (0x12B)
[0622/155833.423:WARNING:pe_image_reader.cc(340)] could not read dos header from C:\Windows\system32\SspiCli.dll
[0622/155833.423:ERROR:process_memory_win.cc(73)] ReadMemory at 0x7ffc8beb0000 of 64 bytes failed: Only part of a ReadProcessMemory or WriteProcessMemory request was completed. (0x12B)
[0622/155833.423:WARNING:pe_image_reader.cc(340)] could not read dos header from C:\Program Files (x86)\Google\Chrome\Application\83.0.4103.106\chrome.dll
[0622/155833.423:ERROR:process_memory_win.cc(73)] ReadMemory at 0x7ffcc1910000 of 64 bytes failed: Only part of a ReadProcessMemory or WriteProcessMemory request was completed. (0x12B)
[0622/155833.423:WARNING:pe_image_reader.cc(340)] could not read dos header from C:\Windows\system32\WS2_32.dll
[0622/155833.423:ERROR:process_memory_win.cc(73)] ReadMemory at 0x7ffcbb6c0000 of 64 bytes failed: Only part of a ReadProcessMemory or WriteProcessMemory request was completed. (0x12B)
[0622/155833.424:WARNING:pe_image_reader.cc(340)] could not read dos header from C:\Windows\SYSTEM32\IPHLPAPI.DLL
[0622/155833.424:ERROR:process_memory_win.cc(73)] ReadMemory at 0x7ffcc2150000 of 64 bytes failed: Only part of a ReadProcessMemory or WriteProcessMemory request was completed. (0x12B)
[0622/155833.424:WARNING:pe_image_reader.cc(340)] could not read dos header from C:\Windows\system32\OLEAUT32.dll
[0622/155833.424:ERROR:process_memory_win.cc(73)] ReadMemory at 0x7ffcb8c00000 of 64 bytes failed: Only part of a ReadProcessMemory or WriteProcessMemory request was completed. (0x12B)
[0622/155833.424:WARNING:pe_image_reader.cc(340)] could not read dos header from C:\Windows\SYSTEM32\WINMM.dll
[0622/155833.424:ERROR:process_memory_win.cc(73)] ReadMemory at 0x7ffcbbc30000 of 64 bytes failed: Only part of a ReadProcessMemory or WriteProcessMemory request was completed. (0x12B)
[0622/155833.424:WARNING:pe_image_reader.cc(340)] could not read dos header from C:\Windows\SYSTEM32\Secur32.dll
[0622/155833.424:ERROR:process_memory_win.cc(73)] ReadMemory at 0x7ffcbeb00000 of 64 bytes failed: Only part of a ReadProcessMemory or WriteProcessMemory request was completed. (0x12B)
[0622/155833.424:WARNING:pe_image_reader.cc(340)] could not read dos header from C:\Windows\SYSTEM32\USERENV.dll
[0622/155833.424:ERROR:process_memory_win.cc(73)] ReadMemory at 0x7ffcbf760000 of 64 bytes failed: Only part of a ReadProcessMemory or WriteProcessMemory request was completed. (0x12B)
[0622/155833.424:WARNING:pe_image_reader.cc(340)] could not read dos header from C:\Windows\system32\WINTRUST.dll
[0622/155833.424:ERROR:process_memory_win.cc(73)] ReadMemory at 0x7ffcb9a90000 of 64 bytes failed: Only part of a ReadProcessMemory or WriteProcessMemory request was completed. (0x12B)
[0622/155833.424:WARNING:pe_image_reader.cc(340)] could not read dos header from C:\Windows\SYSTEM32\UIAutomationCore.DLL
[0622/155833.424:ERROR:process_memory_win.cc(73)] ReadMemory at 0x7ffcbf7c0000 of 64 bytes failed: Only part of a ReadProcessMemory or WriteProcessMemory request was completed. (0x12B)
[0622/155833.424:WARNING:pe_image_reader.cc(340)] could not read dos header from C:\Windows\system32\CRYPT32.dll
[0622/155833.424:ERROR:process_memory_win.cc(73)] ReadMemory at 0x7ffcbc2c0000 of 64 bytes failed: Only part of a ReadProcessMemory or WriteProcessMemory request was completed. (0x12B)
[0622/155833.424:WARNING:pe_image_reader.cc(340)] could not read dos header from C:\Windows\SYSTEM32\DWrite.dll
[0622/155833.424:ERROR:process_memory_win.cc(73)] ReadMemory at 0x7ffcb27a0000 of 64 bytes failed: Only part of a ReadProcessMemory or WriteProcessMemory request was completed. (0x12B)
[0622/155833.424:WARNING:pe_image_reader.cc(340)] could not read dos header from C:\Windows\SYSTEM32\WINSPOOL.DRV
[0622/155833.424:ERROR:process_memory_win.cc(73)] ReadMemory at 0x7ffcb83e0000 of 64 bytes failed: Only part of a ReadProcessMemory or WriteProcessMemory request was completed. (0x12B)
[0622/155833.424:WARNING:pe_image_reader.cc(340)] could not read dos header from C:\Windows\SYSTEM32\dbghelp.dll
[0622/155833.424:ERROR:process_memory_win.cc(73)] ReadMemory at 0x7ffcb7170000 of 64 bytes failed: Only part of a ReadProcessMemory or WriteProcessMemory request was completed. (0x12B)
[0622/155833.424:WARNING:pe_image_reader.cc(340)] could not read dos header from C:\Windows\SYSTEM32\WINHTTP.dll
[0622/155833.424:ERROR:process_memory_win.cc(73)] ReadMemory at 0x7ffcb8c30000 of 64 bytes failed: Only part of a ReadProcessMemory or WriteProcessMemory request was completed. (0x12B)
[0622/155833.424:WARNING:pe_image_reader.cc(340)] could not read dos header from C:\Windows\SYSTEM32\dhcpcsvc.DLL
[0622/155833.424:ERROR:process_memory_win.cc(73)] ReadMemory at 0x7ffcc2220000 of 64 bytes failed: Only part of a ReadProcessMemory or WriteProcessMemory request was completed. (0x12B)
[0622/155833.424:WARNING:pe_image_reader.cc(340)] could not read dos header from C:\Windows\system32\NSI.dll
[0622/155833.424:ERROR:process_memory_win.cc(73)] ReadMemory at 0x7ffcbb5c0000 of 64 bytes failed: Only part of a ReadProcessMemory or WriteProcessMemory request was completed. (0x12B)
[0622/155833.424:WARNING:pe_image_reader.cc(340)] could not read dos header from C:\Windows\SYSTEM32\WINNSI.DLL
[0622/155833.424:ERROR:process_memory_win.cc(73)] ReadMemory at 0x7ffcc1570000 of 64 bytes failed: Only part of a ReadProcessMemory or WriteProcessMemory request was completed. (0x12B)
[0622/155833.424:WARNING:pe_image_reader.cc(340)] could not read dos header from C:\Windows\system32\combase.dll
[0622/155833.424:ERROR:process_memory_win.cc(73)] ReadMemory at 0x7ffcb8b00000 of 64 bytes failed: Only part of a ReadProcessMemory or WriteProcessMemory request was completed. (0x12B)
[0622/155833.424:WARNING:pe_image_reader.cc(340)] could not read dos header from C:\Windows\SYSTEM32\WINMMBASE.dll
[0622/155833.424:ERROR:process_memory_win.cc(73)] ReadMemory at 0x7ffcc13e0000 of 64 bytes failed: Only part of a ReadProcessMemory or WriteProcessMemory request was completed. (0x12B)
[0622/155833.424:WARNING:pe_image_reader.cc(340)] could not read dos header from C:\Windows\system32\USER32.dll
[0622/155833.424:ERROR:process_memory_win.cc(73)] ReadMemory at 0x7ffcbf560000 of 64 bytes failed: Only part of a ReadProcessMemory or WriteProcessMemory request was completed. (0x12B)
[0622/155833.424:WARNING:pe_image_reader.cc(340)] could not read dos header from C:\Windows\SYSTEM32\profapi.dll
[0622/155833.424:ERROR:process_memory_win.cc(73)] ReadMemory at 0x7ffcbf610000 of 64 bytes failed: Only part of a ReadProcessMemory or WriteProcessMemory request was completed. (0x12B)
[0622/155833.424:WARNING:pe_image_reader.cc(340)] could not read dos header from C:\Windows\system32\MSASN1.dll
[0622/155833.424:ERROR:process_memory_win.cc(73)] ReadMemory at 0x7ffcbf710000 of 64 bytes failed: Only part of a ReadProcessMemory or WriteProcessMemory request was completed. (0x12B)
[0622/155833.424:WARNING:pe_image_reader.cc(340)] could not read dos header from C:\Windows\SYSTEM32\cfgmgr32.dll
[0622/155833.424:ERROR:process_memory_win.cc(73)] ReadMemory at 0x7ffcbe3a0000 of 64 bytes failed: Only part of a ReadProcessMemory or WriteProcessMemory request was completed. (0x12B)
[0622/155833.424:WARNING:pe_image_reader.cc(340)] could not read dos header from C:\Windows\SYSTEM32\DEVOBJ.dll
[0622/155833.424:ERROR:process_memory_win.cc(73)] ReadMemory at 0x7ffcc2230000 of 64 bytes failed: Only part of a ReadProcessMemory or WriteProcessMemory request was completed. (0x12B)
[0622/155833.424:WARNING:pe_image_reader.cc(340)] could not read dos header from C:\Windows\system32\GDI32.dll
[0622/155833.424:ERROR:process_memory_win.cc(73)] ReadMemory at 0x7ffcc1970000 of 64 bytes failed: Only part of a ReadProcessMemory or WriteProcessMemory request was completed. (0x12B)
[0622/155833.424:WARNING:pe_image_reader.cc(340)] could not read dos header from C:\Windows\system32\IMM32.DLL
[0622/155833.424:ERROR:process_memory_win.cc(73)] ReadMemory at 0x7ffcc1ca0000 of 64 bytes failed: Only part of a ReadProcessMemory or WriteProcessMemory request was completed. (0x12B)
[0622/155833.424:WARNING:pe_image_reader.cc(340)] could not read dos header from C:\Windows\system32\MSCTF.dll
[0622/155833.424:ERROR:process_memory_win.cc(73)] ReadMemory at 0x7ffcbfe80000 of 64 bytes failed: Only part of a ReadProcessMemory or WriteProcessMemory request was completed. (0x12B)
[0622/155833.424:WARNING:pe_image_reader.cc(340)] could not read dos header from C:\Windows\system32\SHELL32.dll
[0622/155833.424:ERROR:process_memory_win.cc(73)] ReadMemory at 0x7ffcc17f0000 of 64 bytes failed: Only part of a ReadProcessMemory or WriteProcessMemory request was completed. (0x12B)
[0622/155833.424:WARNING:pe_image_reader.cc(340)] could not read dos header from C:\Windows\system32\SHLWAPI.dll
[0622/155833.425:ERROR:process_memory_win.cc(73)] ReadMemory at 0x7ffcbdd90000 of 64 bytes failed: Only part of a ReadProcessMemory or WriteProcessMemory request was completed. (0x12B)
[0622/155833.425:WARNING:pe_image_reader.cc(340)] could not read dos header from C:\Windows\SYSTEM32\SHCORE.dll
[0622/155833.425:ERROR:process_memory_win.cc(73)] ReadMemory at 0x7ffcbf3d0000 of 64 bytes failed: Only part of a ReadProcessMemory or WriteProcessMemory request was completed. (0x12B)
[0622/155833.425:WARNING:pe_image_reader.cc(340)] could not read dos header from C:\Windows\SYSTEM32\CRYPTBASE.DLL
[0622/155833.425:ERROR:process_memory_win.cc(73)] ReadMemory at 0x7ffcbf360000 of 64 bytes failed: Only part of a ReadProcessMemory or WriteProcessMemory request was completed. (0x12B)
[0622/155833.425:WARNING:pe_image_reader.cc(340)] could not read dos header from C:\Windows\SYSTEM32\bcryptPrimitives.dll
[0622/155833.425:ERROR:process_memory_win.cc(73)] ReadMemory at 0x7ff743ee0000 of 64 bytes failed: Only part of a ReadProcessMemory or WriteProcessMemory request was completed. (0x12B)
[0622/155833.425:WARNING:pe_image_reader.cc(340)] could not read dos header from C:\Program Files (x86)\Google\Chrome\Application\chrome.exe
[0622/155833.425:ERROR:process_memory_win.cc(73)] ReadMemory at 0x7ffcc2430000 of 64 bytes failed: Only part of a ReadProcessMemory or WriteProcessMemory request was completed. (0x12B)
[0622/155833.425:WARNING:pe_image_reader.cc(340)] could not read dos header from C:\Windows\SYSTEM32\ntdll.dll
[0622/155833.425:ERROR:process_memory_win.cc(73)] ReadMemory at 0x7ffcc2000000 of 64 bytes failed: Only part of a ReadProcessMemory or WriteProcessMemory request was completed. (0x12B)
[0622/155833.425:WARNING:pe_image_reader.cc(340)] could not read dos header from C:\Windows\system32\KERNEL32.DLL
[0622/155833.425:ERROR:process_memory_win.cc(73)] ReadMemory at 0x7ffcbf9a0000 of 64 bytes failed: Only part of a ReadProcessMemory or WriteProcessMemory request was completed. (0x12B)
[0622/155833.425:WARNING:pe_image_reader.cc(340)] could not read dos header from C:\Windows\system32\KERNELBASE.dll
[0622/155833.425:ERROR:process_memory_win.cc(73)] ReadMemory at 0x7ffca4ab0000 of 64 bytes failed: Only part of a ReadProcessMemory or WriteProcessMemory request was completed. (0x12B)
[0622/155833.425:WARNING:pe_image_reader.cc(340)] could not read dos header from C:\Program Files (x86)\Google\Chrome\Application\83.0.4103.106\chrome_elf.dll
[0622/155833.425:ERROR:process_memory_win.cc(73)] ReadMemory at 0x7ffcba8d0000 of 64 bytes failed: Only part of a ReadProcessMemory or WriteProcessMemory request was completed. (0x12B)
[0622/155833.425:WARNING:pe_image_reader.cc(340)] could not read dos header from C:\Windows\SYSTEM32\VERSION.dll
[0622/155833.425:ERROR:process_memory_win.cc(73)] ReadMemory at 0x7ffcc2380000 of 64 bytes failed: Only part of a ReadProcessMemory or WriteProcessMemory request was completed. (0x12B)
[0622/155833.425:WARNING:pe_image_reader.cc(340)] could not read dos header from C:\Windows\system32\msvcrt.dll
[0622/155833.425:ERROR:process_memory_win.cc(73)] ReadMemory at 0x7ffcc1bf0000 of 64 bytes failed: Only part of a ReadProcessMemory or WriteProcessMemory request was completed. (0x12B)
[0622/155833.425:WARNING:pe_image_reader.cc(340)] could not read dos header from C:\Windows\system32\ADVAPI32.dll
[0622/155833.425:ERROR:process_memory_win.cc(73)] ReadMemory at 0x7ffcc19b0000 of 64 bytes failed: Only part of a ReadProcessMemory or WriteProcessMemory request was completed. (0x12B)
[0622/155833.425:WARNING:pe_image_reader.cc(340)] could not read dos header from C:\Windows\SYSTEM32\sechost.dll
[0622/155833.425:ERROR:process_memory_win.cc(73)] ReadMemory at 0x7ffcbfc80000 of 64 bytes failed: Only part of a ReadProcessMemory or WriteProcessMemory request was completed. (0x12B)
[0622/155833.425:WARNING:pe_image_reader.cc(340)] could not read dos header from C:\Windows\system32\RPCRT4.dll
[0622/155833.425:ERROR:process_memory_win.cc(73)] ReadMemory at 0x7ffcbf6e0000 of 64 bytes failed: Only part of a ReadProcessMemory or WriteProcessMemory request was completed. (0x12B)
[0622/155833.425:WARNING:pe_image_reader.cc(340)] could not read dos header from C:\Windows\system32\SspiCli.dll
[0622/155833.425:ERROR:process_memory_win.cc(73)] ReadMemory at 0x7ffc8beb0000 of 64 bytes failed: Only part of a ReadProcessMemory or WriteProcessMemory request was completed. (0x12B)
[0622/155833.425:WARNING:pe_image_reader.cc(340)] could not read dos header from C:\Program Files (x86)\Google\Chrome\Application\83.0.4103.106\chrome.dll
[0622/155833.425:ERROR:process_memory_win.cc(73)] ReadMemory at 0x7ffcc1910000 of 64 bytes failed: Only part of a ReadProcessMemory or WriteProcessMemory request was completed. (0x12B)
[0622/155833.425:WARNING:pe_image_reader.cc(340)] could not read dos header from C:\Windows\system32\WS2_32.dll
[0622/155833.425:ERROR:process_memory_win.cc(73)] ReadMemory at 0x7ffcbb6c0000 of 64 bytes failed: Only part of a ReadProcessMemory or WriteProcessMemory request was completed. (0x12B)
[0622/155833.425:WARNING:pe_image_reader.cc(340)] could not read dos header from C:\Windows\SYSTEM32\IPHLPAPI.DLL
[0622/155833.425:ERROR:process_memory_win.cc(73)] ReadMemory at 0x7ffcc2150000 of 64 bytes failed: Only part of a ReadProcessMemory or WriteProcessMemory request was completed. (0x12B)
[0622/155833.425:WARNING:pe_image_reader.cc(340)] could not read dos header from C:\Windows\system32\OLEAUT32.dll
[0622/155833.425:ERROR:process_memory_win.cc(73)] ReadMemory at 0x7ffcb8c00000 of 64 bytes failed: Only part of a ReadProcessMemory or WriteProcessMemory request was completed. (0x12B)
[0622/155833.425:WARNING:pe_image_reader.cc(340)] could not read dos header from C:\Windows\SYSTEM32\WINMM.dll
[0622/155833.425:ERROR:process_memory_win.cc(73)] ReadMemory at 0x7ffcbbc30000 of 64 bytes failed: Only part of a ReadProcessMemory or WriteProcessMemory request was completed. (0x12B)
[0622/155833.425:WARNING:pe_image_reader.cc(340)] could not read dos header from C:\Windows\SYSTEM32\Secur32.dll
[0622/155833.425:ERROR:process_memory_win.cc(73)] ReadMemory at 0x7ffcbeb00000 of 64 bytes failed: Only part of a ReadProcessMemory or WriteProcessMemory request was completed. (0x12B)
[0622/155833.425:WARNING:pe_image_reader.cc(340)] could not read dos header from C:\Windows\SYSTEM32\USERENV.dll
[0622/155833.425:ERROR:process_memory_win.cc(73)] ReadMemory at 0x7ffcbf760000 of 64 bytes failed: Only part of a ReadProcessMemory or WriteProcessMemory request was completed. (0x12B)
[0622/155833.425:WARNING:pe_image_reader.cc(340)] could not read dos header from C:\Windows\system32\WINTRUST.dll
[0622/155833.425:ERROR:process_memory_win.cc(73)] ReadMemory at 0x7ffcb9a90000 of 64 bytes failed: Only part of a ReadProcessMemory or WriteProcessMemory request was completed. (0x12B)
[0622/155833.425:WARNING:pe_image_reader.cc(340)] could not read dos header from C:\Windows\SYSTEM32\UIAutomationCore.DLL
[0622/155833.425:ERROR:process_memory_win.cc(73)] ReadMemory at 0x7ffcbf7c0000 of 64 bytes failed: Only part of a ReadProcessMemory or WriteProcessMemory request was completed. (0x12B)
[0622/155833.425:WARNING:pe_image_reader.cc(340)] could not read dos header from C:\Windows\system32\CRYPT32.dll
[0622/155833.425:ERROR:process_memory_win.cc(73)] ReadMemory at 0x7ffcbc2c0000 of 64 bytes failed: Only part of a ReadProcessMemory or WriteProcessMemory request was completed. (0x12B)
[0622/155833.425:WARNING:pe_image_reader.cc(340)] could not read dos header from C:\Windows\SYSTEM32\DWrite.dll
[0622/155833.425:ERROR:process_memory_win.cc(73)] ReadMemory at 0x7ffcb27a0000 of 64 bytes failed: Only part of a ReadProcessMemory or WriteProcessMemory request was completed. (0x12B)
[0622/155833.425:WARNING:pe_image_reader.cc(340)] could not read dos header from C:\Windows\SYSTEM32\WINSPOOL.DRV
[0622/155833.425:ERROR:process_memory_win.cc(73)] ReadMemory at 0x7ffcb83e0000 of 64 bytes failed: Only part of a ReadProcessMemory or WriteProcessMemory request was completed. (0x12B)
[0622/155833.426:WARNING:pe_image_reader.cc(340)] could not read dos header from C:\Windows\SYSTEM32\dbghelp.dll
[0622/155833.426:ERROR:process_memory_win.cc(73)] ReadMemory at 0x7ffcb7170000 of 64 bytes failed: Only part of a ReadProcessMemory or WriteProcessMemory request was completed. (0x12B)
[0622/155833.426:WARNING:pe_image_reader.cc(340)] could not read dos header from C:\Windows\SYSTEM32\WINHTTP.dll
[0622/155833.426:ERROR:process_memory_win.cc(73)] ReadMemory at 0x7ffcb8c30000 of 64 bytes failed: Only part of a ReadProcessMemory or WriteProcessMemory request was completed. (0x12B)
[0622/155833.426:WARNING:pe_image_reader.cc(340)] could not read dos header from C:\Windows\SYSTEM32\dhcpcsvc.DLL
[0622/155833.426:ERROR:process_memory_win.cc(73)] ReadMemory at 0x7ffcc2220000 of 64 bytes failed: Only part of a ReadProcessMemory or WriteProcessMemory request was completed. (0x12B)
[0622/155833.426:WARNING:pe_image_reader.cc(340)] could not read dos header from C:\Windows\system32\NSI.dll
[0622/155833.426:ERROR:process_memory_win.cc(73)] ReadMemory at 0x7ffcbb5c0000 of 64 bytes failed: Only part of a ReadProcessMemory or WriteProcessMemory request was completed. (0x12B)
[0622/155833.426:WARNING:pe_image_reader.cc(340)] could not read dos header from C:\Windows\SYSTEM32\WINNSI.DLL
[0622/155833.426:ERROR:process_memory_win.cc(73)] ReadMemory at 0x7ffcc1570000 of 64 bytes failed: Only part of a ReadProcessMemory or WriteProcessMemory request was completed. (0x12B)
[0622/155833.426:WARNING:pe_image_reader.cc(340)] could not read dos header from C:\Windows\system32\combase.dll
[0622/155833.426:ERROR:process_memory_win.cc(73)] ReadMemory at 0x7ffcb8b00000 of 64 bytes failed: Only part of a ReadProcessMemory or WriteProcessMemory request was completed. (0x12B)
[0622/155833.426:WARNING:pe_image_reader.cc(340)] could not read dos header from C:\Windows\SYSTEM32\WINMMBASE.dll
[0622/155833.426:ERROR:process_memory_win.cc(73)] ReadMemory at 0x7ffcc13e0000 of 64 bytes failed: Only part of a ReadProcessMemory or WriteProcessMemory request was completed. (0x12B)
[0622/155833.426:WARNING:pe_image_reader.cc(340)] could not read dos header from C:\Windows\system32\USER32.dll
[0622/155833.426:ERROR:process_memory_win.cc(73)] ReadMemory at 0x7ffcbf560000 of 64 bytes failed: Only part of a ReadProcessMemory or WriteProcessMemory request was completed. (0x12B)
[0622/155833.426:WARNING:pe_image_reader.cc(340)] could not read dos header from C:\Windows\SYSTEM32\profapi.dll
[0622/155833.426:ERROR:process_memory_win.cc(73)] ReadMemory at 0x7ffcbf610000 of 64 bytes failed: Only part of a ReadProcessMemory or WriteProcessMemory request was completed. (0x12B)
[0622/155833.426:WARNING:pe_image_reader.cc(340)] could not read dos header from C:\Windows\system32\MSASN1.dll
[0622/155833.426:ERROR:process_memory_win.cc(73)] ReadMemory at 0x7ffcbf710000 of 64 bytes failed: Only part of a ReadProcessMemory or WriteProcessMemory request was completed. (0x12B)
[0622/155833.426:WARNING:pe_image_reader.cc(340)] could not read dos header from C:\Windows\SYSTEM32\cfgmgr32.dll
[0622/155833.426:ERROR:process_memory_win.cc(73)] ReadMemory at 0x7ffcbe3a0000 of 64 bytes failed: Only part of a ReadProcessMemory or WriteProcessMemory request was completed. (0x12B)
[0622/155833.426:WARNING:pe_image_reader.cc(340)] could not read dos header from C:\Windows\SYSTEM32\DEVOBJ.dll
[0622/155833.426:ERROR:process_memory_win.cc(73)] ReadMemory at 0x7ffcc2230000 of 64 bytes failed: Only part of a ReadProcessMemory or WriteProcessMemory request was completed. (0x12B)
[0622/155833.426:WARNING:pe_image_reader.cc(340)] could not read dos header from C:\Windows\system32\GDI32.dll
[0622/155833.426:ERROR:process_memory_win.cc(73)] ReadMemory at 0x7ffcc1970000 of 64 bytes failed: Only part of a ReadProcessMemory or WriteProcessMemory request was completed. (0x12B)
[0622/155833.426:WARNING:pe_image_reader.cc(340)] could not read dos header from C:\Windows\system32\IMM32.DLL
[0622/155833.426:ERROR:process_memory_win.cc(73)] ReadMemory at 0x7ffcc1ca0000 of 64 bytes failed: Only part of a ReadProcessMemory or WriteProcessMemory request was completed. (0x12B)
[0622/155833.426:WARNING:pe_image_reader.cc(340)] could not read dos header from C:\Windows\system32\MSCTF.dll
[0622/155833.426:ERROR:process_memory_win.cc(73)] ReadMemory at 0x7ffcbfe80000 of 64 bytes failed: Only part of a ReadProcessMemory or WriteProcessMemory request was completed. (0x12B)
[0622/155833.426:WARNING:pe_image_reader.cc(340)] could not read dos header from C:\Windows\system32\SHELL32.dll
[0622/155833.426:ERROR:process_memory_win.cc(73)] ReadMemory at 0x7ffcc17f0000 of 64 bytes failed: Only part of a ReadProcessMemory or WriteProcessMemory request was completed. (0x12B)
[0622/155833.426:WARNING:pe_image_reader.cc(340)] could not read dos header from C:\Windows\system32\SHLWAPI.dll
[0622/155833.426:ERROR:process_memory_win.cc(73)] ReadMemory at 0x7ffcbdd90000 of 64 bytes failed: Only part of a ReadProcessMemory or WriteProcessMemory request was completed. (0x12B)
[0622/155833.426:WARNING:pe_image_reader.cc(340)] could not read dos header from C:\Windows\SYSTEM32\SHCORE.dll
[0622/155833.426:ERROR:process_memory_win.cc(73)] ReadMemory at 0x7ffcbf3d0000 of 64 bytes failed: Only part of a ReadProcessMemory or WriteProcessMemory request was completed. (0x12B)
[0622/155833.426:WARNING:pe_image_reader.cc(340)] could not read dos header from C:\Windows\SYSTEM32\CRYPTBASE.DLL
[0622/155833.426:ERROR:process_memory_win.cc(73)] ReadMemory at 0x7ffcbf360000 of 64 bytes failed: Only part of a ReadProcessMemory or WriteProcessMemory request was completed. (0x12B)
[0622/155833.426:WARNING:pe_image_reader.cc(340)] could not read dos header from C:\Windows\SYSTEM32\bcryptPrimitives.dll
[0622/155833.440:ERROR:process_memory_win.cc(73)] ReadMemory at 0xa6fce68000 of 163840 bytes failed: Only part of a ReadProcessMemory or WriteProcessMemory request was completed. (0x12B)
[0622/155833.440:ERROR:process_memory_win.cc(73)] ReadMemory at 0xa68200d000 of 12288 bytes failed: Only part of a ReadProcessMemory or WriteProcessMemory request was completed. (0x12B)
[0622/155833.441:ERROR:process_memory_win.cc(73)] ReadMemory at 0xa68300c000 of 16384 bytes failed: Only part of a ReadProcessMemory or WriteProcessMemory request was completed. (0x12B)
[0622/155833.441:ERROR:process_memory_win.cc(73)] ReadMemory at 0xa68380b000 of 20480 bytes failed: Only part of a ReadProcessMemory or WriteProcessMemory request was completed. (0x12B)
[0622/155833.441:ERROR:process_memory_win.cc(73)] ReadMemory at 0xa68400f000 of 4096 bytes failed: Only part of a ReadProcessMemory or WriteProcessMemory request was completed. (0x12B)
[0622/155833.441:ERROR:process_memory_win.cc(73)] ReadMemory at 0xa68480d000 of 12288 bytes failed: Only part of a ReadProcessMemory or WriteProcessMemory request was completed. (0x12B)
[0622/155833.441:ERROR:process_memory_win.cc(73)] ReadMemory at 0xa68520b000 of 20480 bytes failed: Only part of a ReadProcessMemory or WriteProcessMemory request was completed. (0x12B)
[0622/155833.441:ERROR:process_memory_win.cc(73)] ReadMemory at 0xa685a0b000 of 20480 bytes failed: Only part of a ReadProcessMemory or WriteProcessMemory request was completed. (0x12B)
[0622/155833.441:ERROR:process_memory_win.cc(73)] ReadMemory at 0xa68620a000 of 24576 bytes failed: Only part of a ReadProcessMemory or WriteProcessMemory request was completed. (0x12B)
[0622/155833.441:ERROR:process_memory_win.cc(73)] ReadMemory at 0xa686a0a000 of 24576 bytes failed: Only part of a ReadProcessMemory or WriteProcessMemory request was completed. (0x12B)
[0622/155833.441:ERROR:process_memory_win.cc(73)] ReadMemory at 0xa68c6fd000 of 12288 bytes failed: Only part of a ReadProcessMemory or WriteProcessMemory request was completed. (0x12B)
[0622/155833.441:ERROR:process_memory_win.cc(73)] ReadMemory at 0xa692a3b000 of 20480 bytes failed: Only part of a ReadProcessMemory or WriteProcessMemory request was completed. (0x12B)
[0622/155833.441:ERROR:process_memory_win.cc(73)] ReadMemory at 0xa68742d000 of 12288 bytes failed: Only part of a ReadProcessMemory or WriteProcessMemory request was completed. (0x12B)
[0622/155833.441:ERROR:process_memory_win.cc(73)] ReadMemory at 0xa69080f000 of 69632 bytes failed: Only part of a ReadProcessMemory or WriteProcessMemory request was completed. (0x12B)
[0622/155833.441:ERROR:process_memory_win.cc(73)] ReadMemory at 0xa691f3c000 of 16384 bytes failed: Only part of a ReadProcessMemory or WriteProcessMemory request was completed. (0x12B)
[0622/155833.441:ERROR:process_memory_win.cc(73)] ReadMemory at 0xa687c8c000 of 16384 bytes failed: Only part of a ReadProcessMemory or WriteProcessMemory request was completed. (0x12B)
[0622/155833.441:ERROR:process_memory_win.cc(73)] ReadMemory at 0xa6801c0000 of 384 bytes failed: Only part of a ReadProcessMemory or WriteProcessMemory request was completed. (0x12B)
[0622/155833.441:ERROR:process_memory_win.cc(73)] ReadMemory at 0xa6801c024c of 512 bytes failed: Only part of a ReadProcessMemory or WriteProcessMemory request was completed. (0x12B)
[0622/155833.441:ERROR:process_memory_win.cc(73)] ReadMemory at 0xa6801c0c40 of 816 bytes failed: Only part of a ReadProcessMemory or WriteProcessMemory request was completed. (0x12B)
[0622/155833.441:ERROR:process_memory_win.cc(73)] ReadMemory at 0xa6801c1120 of 512 bytes failed: Only part of a ReadProcessMemory or WriteProcessMemory request was completed. (0x12B)
[0622/155833.441:ERROR:process_memory_win.cc(73)] ReadMemory at 0xa6801c1360 of 704 bytes failed: Only part of a ReadProcessMemory or WriteProcessMemory request was completed. (0x12B)
[0622/155833.441:ERROR:process_memory_win.cc(73)] ReadMemory at 0xa680251278 of 512 bytes failed: Only part of a ReadProcessMemory or WriteProcessMemory request was completed. (0x12B)
[0622/155833.441:ERROR:process_memory_win.cc(73)] ReadMemory at 0xa680259360 of 512 bytes failed: Only part of a ReadProcessMemory or WriteProcessMemory request was completed. (0x12B)
[0622/155833.441:ERROR:process_memory_win.cc(73)] ReadMemory at 0xa68025c7c0 of 712 bytes failed: Only part of a ReadProcessMemory or WriteProcessMemory request was completed. (0x12B)
[0622/155833.442:ERROR:process_memory_win.cc(73)] ReadMemory at 0xa6802668f0 of 512 bytes failed: Only part of a ReadProcessMemory or WriteProcessMemory request was completed. (0x12B)
[0622/155833.442:ERROR:process_memory_win.cc(73)] ReadMemory at 0xa68028cf30 of 512 bytes failed: Only part of a ReadProcessMemory or WriteProcessMemory request was completed. (0x12B)
[0622/155833.442:ERROR:process_memory_win.cc(73)] ReadMemory at 0xa68029a8a0 of 512 bytes failed: Only part of a ReadProcessMemory or WriteProcessMemory request was completed. (0x12B)
[0622/155833.442:ERROR:process_memory_win.cc(73)] ReadMemory at 0xa684854c20 of 512 bytes failed: Only part of a ReadProcessMemory or WriteProcessMemory request was completed. (0x12B)
[0622/155833.442:ERROR:process_memory_win.cc(73)] ReadMemory at 0xa684922980 of 512 bytes failed: Only part of a ReadProcessMemory or WriteProcessMemory request was completed. (0x12B)
[0622/155833.442:ERROR:process_memory_win.cc(73)] ReadMemory at 0xa687ecdc50 of 512 bytes failed: Only part of a ReadProcessMemory or WriteProcessMemory request was completed. (0x12B)
[0622/155833.442:ERROR:process_memory_win.cc(73)] ReadMemory at 0xa688c6ead0 of 512 bytes failed: Only part of a ReadProcessMemory or WriteProcessMemory request was completed. (0x12B)
[0622/155833.442:ERROR:process_memory_win.cc(73)] ReadMemory at 0xa68ac04f80 of 512 bytes failed: Only part of a ReadProcessMemory or WriteProcessMemory request was completed. (0x12B)
[0622/155833.442:ERROR:process_memory_win.cc(73)] ReadMemory at 0xa68ac051f4 of 512 bytes failed: Only part of a ReadProcessMemory or WriteProcessMemory request was completed. (0x12B)
[0622/155833.442:ERROR:process_memory_win.cc(73)] ReadMemory at 0xa68c74d310 of 512 bytes failed: Only part of a ReadProcessMemory or WriteProcessMemory request was completed. (0x12B)
[0622/155833.442:ERROR:process_memory_win.cc(73)] ReadMemory at 0xa68cf73b50 of 520 bytes failed: Only part of a ReadProcessMemory or WriteProcessMemory request was completed. (0x12B)
[0622/155833.442:ERROR:process_memory_win.cc(73)] ReadMemory at 0xa68d631788 of 512 bytes failed: Only part of a ReadProcessMemory or WriteProcessMemory request was completed. (0x12B)
[0622/155833.442:ERROR:process_memory_win.cc(73)] ReadMemory at 0xa68e0c6840 of 512 bytes failed: Only part of a ReadProcessMemory or WriteProcessMemory request was completed. (0x12B)
[0622/155833.442:ERROR:process_memory_win.cc(73)] ReadMemory at 0xa68e0cda58 of 512 bytes failed: Only part of a ReadProcessMemory or WriteProcessMemory request was completed. (0x12B)
[0622/155833.442:ERROR:process_memory_win.cc(73)] ReadMemory at 0xa6fd0d0720 of 146 bytes failed: Only part of a ReadProcessMemory or WriteProcessMemory request was completed. (0x12B)
[0622/155833.442:ERROR:process_memory_win.cc(73)] ReadMemory at 0xa6fd0d0860 of 5504 bytes failed: Only part of a ReadProcessMemory or WriteProcessMemory request was completed. (0x12B)
[0622/155833.442:ERROR:process_memory_win.cc(73)] ReadMemory at 0xa6fd0d1df0 of 1012 bytes failed: Only part of a ReadProcessMemory or WriteProcessMemory request was completed. (0x12B)
[0622/155833.442:ERROR:process_memory_win.cc(73)] ReadMemory at 0xa6fd0d2408 of 118 bytes failed: Only part of a ReadProcessMemory or WriteProcessMemory request was completed. (0x12B)
[0622/155833.442:ERROR:process_memory_win.cc(73)] ReadMemory at 0xa6fd0d2480 of 1180 bytes failed: Only part of a ReadProcessMemory or WriteProcessMemory request was completed. (0x12B)
[0622/155833.442:ERROR:process_memory_win.cc(73)] ReadMemory at 0xa6fd0d291e of 118 bytes failed: Only part of a ReadProcessMemory or WriteProcessMemory request was completed. (0x12B)
[0622/155833.442:ERROR:process_memory_win.cc(73)] ReadMemory at 0xa6fd0d2996 of 94 bytes failed: Only part of a ReadProcessMemory or WriteProcessMemory request was completed. (0x12B)
[0622/155833.442:ERROR:process_memory_win.cc(73)] ReadMemory at 0xa6fd0d2a00 of 58 bytes failed: Only part of a ReadProcessMemory or WriteProcessMemory request was completed. (0x12B)
[0622/155833.442:ERROR:process_memory_win.cc(73)] ReadMemory at 0xa6fd0d2b00 of 132 bytes failed: Only part of a ReadProcessMemory or WriteProcessMemory request was completed. (0x12B)
[0622/155833.442:ERROR:process_memory_win.cc(73)] ReadMemory at 0xa6fd0d2c80 of 132 bytes failed: Only part of a ReadProcessMemory or WriteProcessMemory request was completed. (0x12B)
[0622/155833.442:ERROR:process_memory_win.cc(73)] ReadMemory at 0xa6fd0d2e90 of 126 bytes failed: Only part of a ReadProcessMemory or WriteProcessMemory request was completed. (0x12B)
[0622/155833.442:ERROR:process_memory_win.cc(73)] ReadMemory at 0xa6fd0d3180 of 64 bytes failed: Only part of a ReadProcessMemory or WriteProcessMemory request was completed. (0x12B)
[0622/155833.442:ERROR:process_memory_win.cc(73)] ReadMemory at 0xa6fd0d31d0 of 132 bytes failed: Only part of a ReadProcessMemory or WriteProcessMemory request was completed. (0x12B)
[0622/155833.442:ERROR:process_memory_win.cc(73)] ReadMemory at 0xa6fd0d3490 of 154 bytes failed: Only part of a ReadProcessMemory or WriteProcessMemory request was completed. (0x12B)
[0622/155833.443:ERROR:process_memory_win.cc(73)] ReadMemory at 0xa6fd0d3540 of 68 bytes failed: Only part of a ReadProcessMemory or WriteProcessMemory request was completed. (0x12B)
[0622/155833.443:ERROR:process_memory_win.cc(73)] ReadMemory at 0xa6fd0d3590 of 132 bytes failed: Only part of a ReadProcessMemory or WriteProcessMemory request was completed. (0x12B)
[0622/155833.443:ERROR:process_memory_win.cc(73)] ReadMemory at 0xa6fd0d43c0 of 132 bytes failed: Only part of a ReadProcessMemory or WriteProcessMemory request was completed. (0x12B)
[0622/155833.443:ERROR:process_memory_win.cc(73)] ReadMemory at 0xa6fd0d49d0 of 60 bytes failed: Only part of a ReadProcessMemory or WriteProcessMemory request was completed. (0x12B)
[0622/155833.443:ERROR:process_memory_win.cc(73)] ReadMemory at 0xa6fd0d4a20 of 132 bytes failed: Only part of a ReadProcessMemory or WriteProcessMemory request was completed. (0x12B)
[0622/155833.443:ERROR:process_memory_win.cc(73)] ReadMemory at 0xa6fd0d59b0 of 62 bytes failed: Only part of a ReadProcessMemory or WriteProcessMemory request was completed. (0x12B)
[0622/155833.443:ERROR:process_memory_win.cc(73)] ReadMemory at 0xa6fd0d5a00 of 132 bytes failed: Only part of a ReadProcessMemory or WriteProcessMemory request was completed. (0x12B)
[0622/155833.443:ERROR:process_memory_win.cc(73)] ReadMemory at 0xa6fd0d7a30 of 54 bytes failed: Only part of a ReadProcessMemory or WriteProcessMemory request was completed. (0x12B)
[0622/155833.443:ERROR:process_memory_win.cc(73)] ReadMemory at 0xa6fd0d7ba0 of 132 bytes failed: Only part of a ReadProcessMemory or WriteProcessMemory request was completed. (0x12B)
[0622/155833.443:ERROR:process_memory_win.cc(73)] ReadMemory at 0xa6fd0d7cc0 of 132 bytes failed: Only part of a ReadProcessMemory or WriteProcessMemory request was completed. (0x12B)
[0622/155833.443:ERROR:process_memory_win.cc(73)] ReadMemory at 0xa6fd0da300 of 132 bytes failed: Only part of a ReadProcessMemory or WriteProcessMemory request was completed. (0x12B)
[0622/155833.443:ERROR:process_memory_win.cc(73)] ReadMemory at 0xa6fd0da420 of 132 bytes failed: Only part of a ReadProcessMemory or WriteProcessMemory request was completed. (0x12B)
[0622/155833.443:ERROR:process_memory_win.cc(73)] ReadMemory at 0xa6fd0da8c0 of 80 bytes failed: Only part of a ReadProcessMemory or WriteProcessMemory request was completed. (0x12B)
[0622/155833.443:ERROR:process_memory_win.cc(73)] ReadMemory at 0xa6fd0db290 of 132 bytes failed: Only part of a ReadProcessMemory or WriteProcessMemory request was completed. (0x12B)
[0622/155833.443:ERROR:process_memory_win.cc(73)] ReadMemory at 0xa6fd0db3b0 of 132 bytes failed: Only part of a ReadProcessMemory or WriteProcessMemory request was completed. (0x12B)
[0622/155833.443:ERROR:process_memory_win.cc(73)] ReadMemory at 0xa6fd0db560 of 62 bytes failed: Only part of a ReadProcessMemory or WriteProcessMemory request was completed. (0x12B)
[0622/155833.443:ERROR:process_memory_win.cc(73)] ReadMemory at 0xa6fd0db5b0 of 60 bytes failed: Only part of a ReadProcessMemory or WriteProcessMemory request was completed. (0x12B)
[0622/155833.443:ERROR:process_memory_win.cc(73)] ReadMemory at 0xa6fd0db600 of 58 bytes failed: Only part of a ReadProcessMemory or WriteProcessMemory request was completed. (0x12B)
[0622/155833.443:ERROR:process_memory_win.cc(73)] ReadMemory at 0xa6fd0db650 of 64 bytes failed: Only part of a ReadProcessMemory or WriteProcessMemory request was completed. (0x12B)
[0622/155833.443:ERROR:process_memory_win.cc(73)] ReadMemory at 0xa6fd0db6a0 of 62 bytes failed: Only part of a ReadProcessMemory or WriteProcessMemory request was completed. (0x12B)
[0622/155833.443:ERROR:process_memory_win.cc(73)] ReadMemory at 0xa6fd0db6f0 of 60 bytes failed: Only part of a ReadProcessMemory or WriteProcessMemory request was completed. (0x12B)
[0622/155833.444:ERROR:process_memory_win.cc(73)] ReadMemory at 0xa6fd0db790 of 62 bytes failed: Only part of a ReadProcessMemory or WriteProcessMemory request was completed. (0x12B)
[0622/155833.444:ERROR:process_memory_win.cc(73)] ReadMemory at 0xa6fd0db7e0 of 64 bytes failed: Only part of a ReadProcessMemory or WriteProcessMemory request was completed. (0x12B)
[0622/155833.444:ERROR:process_memory_win.cc(73)] ReadMemory at 0xa6fd0db830 of 62 bytes failed: Only part of a ReadProcessMemory or WriteProcessMemory request was completed. (0x12B)
[0622/155833.444:ERROR:process_memory_win.cc(73)] ReadMemory at 0xa6fd0db880 of 62 bytes failed: Only part of a ReadProcessMemory or WriteProcessMemory request was completed. (0x12B)
[0622/155833.444:ERROR:process_memory_win.cc(73)] ReadMemory at 0xa6fd0db8d0 of 64 bytes failed: Only part of a ReadProcessMemory or WriteProcessMemory request was completed. (0x12B)
[0622/155833.444:ERROR:process_memory_win.cc(73)] ReadMemory at 0xa6fd0db920 of 62 bytes failed: Only part of a ReadProcessMemory or WriteProcessMemory request was completed. (0x12B)
[0622/155833.444:ERROR:process_memory_win.cc(73)] ReadMemory at 0xa6fd0db970 of 66 bytes failed: Only part of a ReadProcessMemory or WriteProcessMemory request was completed. (0x12B)
[0622/155833.444:ERROR:process_memory_win.cc(73)] ReadMemory at 0xa6fd0db9c0 of 60 bytes failed: Only part of a ReadProcessMemory or WriteProcessMemory request was completed. (0x12B)
[0622/155833.444:ERROR:process_memory_win.cc(73)] ReadMemory at 0xa6fd0dba10 of 62 bytes failed: Only part of a ReadProcessMemory or WriteProcessMemory request was completed. (0x12B)
[0622/155833.444:ERROR:process_memory_win.cc(73)] ReadMemory at 0xa6fd0dba60 of 60 bytes failed: Only part of a ReadProcessMemory or WriteProcessMemory request was completed. (0x12B)
[0622/155833.444:ERROR:process_memory_win.cc(73)] ReadMemory at 0xa6fd0dbab0 of 64 bytes failed: Only part of a ReadProcessMemory or WriteProcessMemory request was completed. (0x12B)
[0622/155833.444:ERROR:process_memory_win.cc(73)] ReadMemory at 0xa6fd0dbb00 of 62 bytes failed: Only part of a ReadProcessMemory or WriteProcessMemory request was completed. (0x12B)
[0622/155833.444:ERROR:process_memory_win.cc(73)] ReadMemory at 0xa6fd0dbb50 of 60 bytes failed: Only part of a ReadProcessMemory or WriteProcessMemory request was completed. (0x12B)
[0622/155833.444:ERROR:process_memory_win.cc(73)] ReadMemory at 0xa6fd0dbba0 of 60 bytes failed: Only part of a ReadProcessMemory or WriteProcessMemory request was completed. (0x12B)
[0622/155833.444:ERROR:process_memory_win.cc(73)] ReadMemory at 0xa6fd0dbbf0 of 64 bytes failed: Only part of a ReadProcessMemory or WriteProcessMemory request was completed. (0x12B)
[0622/155833.444:ERROR:process_memory_win.cc(73)] ReadMemory at 0xa6fd0dbc40 of 62 bytes failed: Only part of a ReadProcessMemory or WriteProcessMemory request was completed. (0x12B)
[0622/155833.444:ERROR:process_memory_win.cc(73)] ReadMemory at 0xa6fd0dbc90 of 64 bytes failed: Only part of a ReadProcessMemory or WriteProcessMemory request was completed. (0x12B)
[0622/155833.444:ERROR:process_memory_win.cc(73)] ReadMemory at 0xa6fd0df720 of 132 bytes failed: Only part of a ReadProcessMemory or WriteProcessMemory request was completed. (0x12B)
[0622/155833.444:ERROR:process_memory_win.cc(73)] ReadMemory at 0xa6fd0df840 of 132 bytes failed: Only part of a ReadProcessMemory or WriteProcessMemory request was completed. (0x12B)
[0622/155833.444:ERROR:process_memory_win.cc(73)] ReadMemory at 0xa6fd0df960 of 132 bytes failed: Only part of a ReadProcessMemory or WriteProcessMemory request was completed. (0x12B)
[0622/155833.444:ERROR:process_memory_win.cc(73)] ReadMemory at 0xa6fd0dfa80 of 132 bytes failed: Only part of a ReadProcessMemory or WriteProcessMemory request was completed. (0x12B)
[0622/155833.444:ERROR:process_memory_win.cc(73)] ReadMemory at 0xa6fd0dfbf0 of 132 bytes failed: Only part of a ReadProcessMemory or WriteProcessMemory request was completed. (0x12B)
[0622/155833.444:ERROR:process_memory_win.cc(73)] ReadMemory at 0xa6fd0dfd10 of 132 bytes failed: Only part of a ReadProcessMemory or WriteProcessMemory request was completed. (0x12B)
[0622/155833.444:ERROR:process_memory_win.cc(73)] ReadMemory at 0xa6fd0dfe30 of 132 bytes failed: Only part of a ReadProcessMemory or WriteProcessMemory request was completed. (0x12B)
[0622/155833.444:ERROR:process_memory_win.cc(73)] ReadMemory at 0xa6fd0dff50 of 132 bytes failed: Only part of a ReadProcessMemory or WriteProcessMemory request was completed. (0x12B)
[0622/155833.444:ERROR:process_memory_win.cc(73)] ReadMemory at 0xa6fd0e0070 of 132 bytes failed: Only part of a ReadProcessMemory or WriteProcessMemory request was completed. (0x12B)
[0622/155833.444:ERROR:process_memory_win.cc(73)] ReadMemory at 0xa6fd0e0190 of 132 bytes failed: Only part of a ReadProcessMemory or WriteProcessMemory request was completed. (0x12B)
[0622/155833.445:ERROR:process_memory_win.cc(73)] ReadMemory at 0xa6fd0e02b0 of 132 bytes failed: Only part of a ReadProcessMemory or WriteProcessMemory request was completed. (0x12B)
[0622/155833.445:ERROR:process_memory_win.cc(73)] ReadMemory at 0xa6fd0e03d0 of 132 bytes failed: Only part of a ReadProcessMemory or WriteProcessMemory request was completed. (0x12B)
[0622/155833.445:ERROR:process_memory_win.cc(73)] ReadMemory at 0xa6fd0e04f0 of 132 bytes failed: Only part of a ReadProcessMemory or WriteProcessMemory request was completed. (0x12B)
[0622/155833.445:ERROR:process_memory_win.cc(73)] ReadMemory at 0xa6fd0e0610 of 132 bytes failed: Only part of a ReadProcessMemory or WriteProcessMemory request was completed. (0x12B)
[0622/155833.445:ERROR:process_memory_win.cc(73)] ReadMemory at 0xa6fd0e0730 of 132 bytes failed: Only part of a ReadProcessMemory or WriteProcessMemory request was completed. (0x12B)
[0622/155833.445:ERROR:process_memory_win.cc(73)] ReadMemory at 0xa6fd0e0850 of 132 bytes failed: Only part of a ReadProcessMemory or WriteProcessMemory request was completed. (0x12B)
[0622/155833.445:ERROR:process_memory_win.cc(73)] ReadMemory at 0xa6fd0e0970 of 132 bytes failed: Only part of a ReadProcessMemory or WriteProcessMemory request was completed. (0x12B)
[0622/155833.445:ERROR:process_memory_win.cc(73)] ReadMemory at 0xa6fd0e1380 of 80 bytes failed: Only part of a ReadProcessMemory or WriteProcessMemory request was completed. (0x12B)
[0622/155833.445:ERROR:process_memory_win.cc(73)] ReadMemory at 0xa6fd0e2110 of 132 bytes failed: Only part of a ReadProcessMemory or WriteProcessMemory request was completed. (0x12B)
[0622/155833.445:ERROR:process_memory_win.cc(73)] ReadMemory at 0xa6fd0e2230 of 132 bytes failed: Only part of a ReadProcessMemory or WriteProcessMemory request was completed. (0x12B)
[0622/155833.445:ERROR:process_memory_win.cc(73)] ReadMemory at 0xa6fd0e2350 of 132 bytes failed: Only part of a ReadProcessMemory or WriteProcessMemory request was completed. (0x12B)
[0622/155833.445:ERROR:process_memory_win.cc(73)] ReadMemory at 0xa6fd0e2590 of 132 bytes failed: Only part of a ReadProcessMemory or WriteProcessMemory request was completed. (0x12B)
[0622/155833.445:ERROR:process_memory_win.cc(73)] ReadMemory at 0xa6fd0e26b0 of 132 bytes failed: Only part of a ReadProcessMemory or WriteProcessMemory request was completed. (0x12B)
[0622/155833.445:ERROR:process_memory_win.cc(73)] ReadMemory at 0xa6fd0e27d0 of 132 bytes failed: Only part of a ReadProcessMemory or WriteProcessMemory request was completed. (0x12B)
[0622/155833.445:ERROR:process_memory_win.cc(73)] ReadMemory at 0xa6fd0e2b30 of 132 bytes failed: Only part of a ReadProcessMemory or WriteProcessMemory request was completed. (0x12B)
[0622/155833.445:ERROR:process_memory_win.cc(73)] ReadMemory at 0xa6fd0e2c50 of 132 bytes failed: Only part of a ReadProcessMemory or WriteProcessMemory request was completed. (0x12B)
[0622/155833.445:ERROR:process_memory_win.cc(73)] ReadMemory at 0xa6fd0e2d70 of 132 bytes failed: Only part of a ReadProcessMemory or WriteProcessMemory request was completed. (0x12B)
[0622/155833.445:ERROR:process_memory_win.cc(73)] ReadMemory at 0xa6fd0e30d0 of 132 bytes failed: Only part of a ReadProcessMemory or WriteProcessMemory request was completed. (0x12B)
[0622/155833.445:ERROR:process_memory_win.cc(73)] ReadMemory at 0xa6fd0e3670 of 132 bytes failed: Only part of a ReadProcessMemory or WriteProcessMemory request was completed. (0x12B)
[0622/155833.445:ERROR:process_memory_win.cc(73)] ReadMemory at 0xa6fd0e3790 of 132 bytes failed: Only part of a ReadProcessMemory or WriteProcessMemory request was completed. (0x12B)
[0622/155833.445:ERROR:process_memory_win.cc(73)] ReadMemory at 0xa6fd0e3af0 of 132 bytes failed: Only part of a ReadProcessMemory or WriteProcessMemory request was completed. (0x12B)
[0622/155833.445:ERROR:process_memory_win.cc(73)] ReadMemory at 0xa6fd0e45d0 of 60 bytes failed: Only part of a ReadProcessMemory or WriteProcessMemory request was completed. (0x12B)
[0622/155833.445:ERROR:process_memory_win.cc(73)] ReadMemory at 0xa6fd0e4670 of 60 bytes failed: Only part of a ReadProcessMemory or WriteProcessMemory request was completed. (0x12B)
[0622/155833.445:ERROR:process_memory_win.cc(73)] ReadMemory at 0xa6fd0e4710 of 62 bytes failed: Only part of a ReadProcessMemory or WriteProcessMemory request was completed. (0x12B)
[0622/155833.445:ERROR:process_memory_win.cc(73)] ReadMemory at 0xa6fd0e4760 of 66 bytes failed: Only part of a ReadProcessMemory or WriteProcessMemory request was completed. (0x12B)
[0622/155833.445:ERROR:process_memory_win.cc(73)] ReadMemory at 0xa6fd0e4850 of 64 bytes failed: Only part of a ReadProcessMemory or WriteProcessMemory request was completed. (0x12B)
[0622/155833.445:ERROR:process_memory_win.cc(73)] ReadMemory at 0xa6fd0e4a30 of 62 bytes failed: Only part of a ReadProcessMemory or WriteProcessMemory request was completed. (0x12B)
[0622/155833.445:ERROR:process_memory_win.cc(73)] ReadMemory at 0xa6fd0e4cb0 of 58 bytes failed: Only part of a ReadProcessMemory or WriteProcessMemory request was completed. (0x12B)
[0622/155833.445:ERROR:process_memory_win.cc(73)] ReadMemory at 0xa6fd0e4f80 of 58 bytes failed: Only part of a ReadProcessMemory or WriteProcessMemory request was completed. (0x12B)
[0622/155833.446:ERROR:process_memory_win.cc(73)] ReadMemory at 0xa6fd0e50c0 of 58 bytes failed: Only part of a ReadProcessMemory or WriteProcessMemory request was completed. (0x12B)
[0622/155833.446:ERROR:process_memory_win.cc(73)] ReadMemory at 0xa6fd0edab0 of 512 bytes failed: Only part of a ReadProcessMemory or WriteProcessMemory request was completed. (0x12B)
[0622/155833.446:ERROR:process_memory_win.cc(73)] ReadMemory at 0xa6fd0f0200 of 512 bytes failed: Only part of a ReadProcessMemory or WriteProcessMemory request was completed. (0x12B)
[0622/155833.446:ERROR:process_memory_win.cc(73)] ReadMemory at 0x66840aec68f8 of 512 bytes failed: Only part of a ReadProcessMemory or WriteProcessMemory request was completed. (0x12B)
[0622/155833.446:ERROR:process_memory_win.cc(73)] ReadMemory at 0x7ff743486000 of 6024 bytes failed: Only part of a ReadProcessMemory or WriteProcessMemory request was completed. (0x12B)
[0622/155833.446:ERROR:process_memory_win.cc(73)] ReadMemory at 0x7ff74348c000 of 6024 bytes failed: Only part of a ReadProcessMemory or WriteProcessMemory request was completed. (0x12B)
[0622/155833.446:ERROR:process_memory_win.cc(73)] ReadMemory at 0x7ff743490000 of 6024 bytes failed: Only part of a ReadProcessMemory or WriteProcessMemory request was completed. (0x12B)
[0622/155833.446:ERROR:process_memory_win.cc(73)] ReadMemory at 0x7ff743492000 of 6024 bytes failed: Only part of a ReadProcessMemory or WriteProcessMemory request was completed. (0x12B)
[0622/155833.446:ERROR:process_memory_win.cc(73)] ReadMemory at 0x7ff743494000 of 6024 bytes failed: Only part of a ReadProcessMemory or WriteProcessMemory request was completed. (0x12B)
[0622/155833.446:ERROR:process_memory_win.cc(73)] ReadMemory at 0x7ff743496000 of 6024 bytes failed: Only part of a ReadProcessMemory or WriteProcessMemory request was completed. (0x12B)
[0622/155833.446:ERROR:process_memory_win.cc(73)] ReadMemory at 0x7ff743498000 of 6024 bytes failed: Only part of a ReadProcessMemory or WriteProcessMemory request was completed. (0x12B)
[0622/155833.446:ERROR:process_memory_win.cc(73)] ReadMemory at 0x7ff74349a000 of 6024 bytes failed: Only part of a ReadProcessMemory or WriteProcessMemory request was completed. (0x12B)
[0622/155833.446:ERROR:process_memory_win.cc(73)] ReadMemory at 0x7ff74349c000 of 6024 bytes failed: Only part of a ReadProcessMemory or WriteProcessMemory request was completed. (0x12B)
[0622/155833.446:ERROR:process_memory_win.cc(73)] ReadMemory at 0x7ff74349e000 of 6024 bytes failed: Only part of a ReadProcessMemory or WriteProcessMemory request was completed. (0x12B)
[0622/155833.446:ERROR:process_memory_win.cc(73)] ReadMemory at 0x7ff7435c3000 of 6024 bytes failed: Only part of a ReadProcessMemory or WriteProcessMemory request was completed. (0x12B)
[0622/155833.447:ERROR:process_memory_win.cc(73)] ReadMemory at 0x7ff7435c5000 of 6024 bytes failed: Only part of a ReadProcessMemory or WriteProcessMemory request was completed. (0x12B)
[0622/155833.447:ERROR:process_memory_win.cc(73)] ReadMemory at 0x7ff7435c7000 of 6024 bytes failed: Only part of a ReadProcessMemory or WriteProcessMemory request was completed. (0x12B)
[0622/155833.447:ERROR:process_memory_win.cc(73)] ReadMemory at 0x7ff7435c9000 of 6024 bytes failed: Only part of a ReadProcessMemory or WriteProcessMemory request was completed. (0x12B)
[0622/155833.447:ERROR:process_memory_win.cc(73)] ReadMemory at 0x7ff7435cb000 of 6024 bytes failed: Only part of a ReadProcessMemory or WriteProcessMemory request was completed. (0x12B)
[0622/155833.447:ERROR:process_memory_win.cc(73)] ReadMemory at 0x7ff7435cd000 of 6024 bytes failed: Only part of a ReadProcessMemory or WriteProcessMemory request was completed. (0x12B)
[0622/155833.447:ERROR:process_memory_win.cc(73)] ReadMemory at 0x7ff7435cf000 of 852 bytes failed: Only part of a ReadProcessMemory or WriteProcessMemory request was completed. (0x12B)
[0622/155833.447:ERROR:process_memory_win.cc(73)] ReadMemory at 0x7ffc8bfb2ba5 of 512 bytes failed: Only part of a ReadProcessMemory or WriteProcessMemory request was completed. (0x12B)
[0622/155833.447:ERROR:process_memory_win.cc(73)] ReadMemory at 0x7ffc8c23648c of 512 bytes failed: Only part of a ReadProcessMemory or WriteProcessMemory request was completed. (0x12B)
[0622/155833.447:ERROR:process_memory_win.cc(73)] ReadMemory at 0x7ffc8c797bb0 of 512 bytes failed: Only part of a ReadProcessMemory or WriteProcessMemory request was completed. (0x12B)
[0622/155833.447:ERROR:process_memory_win.cc(73)] ReadMemory at 0x7ffca4adb97e of 512 bytes failed: Only part of a ReadProcessMemory or WriteProcessMemory request was completed. (0x12B)
[0622/155833.447:ERROR:process_memory_win.cc(73)] ReadMemory at 0x7ffcbf9a7a7c of 512 bytes failed: Only part of a ReadProcessMemory or WriteProcessMemory request was completed. (0x12B)
[0622/155833.447:ERROR:process_memory_win.cc(73)] ReadMemory at 0x7ffcc2430000 of 384 bytes failed: Only part of a ReadProcessMemory or WriteProcessMemory request was completed. (0x12B)
[0622/155833.447:ERROR:process_memory_win.cc(73)] ReadMemory at 0x7ffcc24395e0 of 18 bytes failed: Only part of a ReadProcessMemory or WriteProcessMemory request was completed. (0x12B)
[0622/155833.447:ERROR:process_memory_win.cc(73)] ReadMemory at 0x7ffcc244c7e0 of 512 bytes failed: Only part of a ReadProcessMemory or WriteProcessMemory request was completed. (0x12B)
[0622/155833.447:ERROR:process_memory_win.cc(73)] ReadMemory at 0x7ffcc2460ab0 of 512 bytes failed: Only part of a ReadProcessMemory or WriteProcessMemory request was completed. (0x12B)
[0622/155833.447:ERROR:process_memory_win.cc(73)] ReadMemory at 0x7ffcc246a850 of 512 bytes failed: Only part of a ReadProcessMemory or WriteProcessMemory request was completed. (0x12B)
[0622/155833.447:ERROR:process_memory_win.cc(73)] ReadMemory at 0x7ffcc24c06ca of 592 bytes failed: Only part of a ReadProcessMemory or WriteProcessMemory request was completed. (0x12B)
[0622/155833.447:ERROR:process_memory_win.cc(73)] ReadMemory at 0x7ffcc24c09ca of 512 bytes failed: Only part of a ReadProcessMemory or WriteProcessMemory request was completed. (0x12B)
[0622/155833.447:ERROR:process_memory_win.cc(73)] ReadMemory at 0x7ffcc24c214a of 560 bytes failed: Only part of a ReadProcessMemory or WriteProcessMemory request was completed. (0x12B)
[0622/155833.447:ERROR:process_memory_win.cc(73)] ReadMemory at 0x7ffcc24c46cb of 512 bytes failed: Only part of a ReadProcessMemory or WriteProcessMemory request was completed. (0x12B)
[0622/155833.447:ERROR:process_memory_win.cc(73)] ReadMemory at 0x7ffcc255e8a8 of 40 bytes failed: Only part of a ReadProcessMemory or WriteProcessMemory request was completed. (0x12B)
[0622/155833.447:ERROR:process_memory_win.cc(73)] ReadMemory at 0x7ffcc255ebe0 of 48 bytes failed: Only part of a ReadProcessMemory or WriteProcessMemory request was completed. (0x12B)
[0622/155833.447:ERROR:process_memory_win.cc(73)] ReadMemory at 0x7ffcc2561320 of 64 bytes failed: Only part of a ReadProcessMemory or WriteProcessMemory request was completed. (0x12B)
[0622/155833.450:ERROR:scoped_process_suspend.cc(40)] NtResumeProcess: An attempt was made to access an exiting process. (0xc000010a)
[0622/203537.296:ERROR:process_reader_win.cc(151)] SuspendThread: Access is denied. (0x5)
[0622/203537.296:ERROR:process_reader_win.cc(151)] SuspendThread: Access is denied. (0x5)
[0622/203537.296:ERROR:exception_snapshot_win.cc(98)] thread ID 10004 not found in process
